<?xml version="1.0" encoding="UTF-8"?>
<testng-results skipped="0" failed="0" ignored="0" total="1" passed="1">
  <reporter-output>
  </reporter-output>
  <suite name="Default suite" duration-ms="21884" started-at="2022-03-28T14:32:00 IST" finished-at="2022-03-28T14:32:21 IST">
    <groups>
    </groups>
    <test name="Default test" duration-ms="21884" started-at="2022-03-28T14:32:00 IST" finished-at="2022-03-28T14:32:21 IST">
      <class name="demo.LoginAndLogoutTest">
        <test-method status="PASS" signature="loginlogoutscript()[pri:0, instance:demo.LoginAndLogoutTest@491cc5c9]" name="loginlogoutscript" duration-ms="21807" started-at="2022-03-28T14:32:00 IST" finished-at="2022-03-28T14:32:21 IST">
          <reporter-output>
          </reporter-output>
        </test-method> <!-- loginlogoutscript -->
      </class> <!-- demo.LoginAndLogoutTest -->
    </test> <!-- Default test -->
  </suite> <!-- Default suite -->
</testng-results>
